c:\$1.2024.onedrivetoday\printmoney\printmoney\x64\debug\vc143.pdb
c:\$1.2024.onedrivetoday\printmoney\printmoney\x64\debug\vc143.idb
c:\$1.2024.onedrivetoday\printmoney\printmoney\x64\debug\printmoney.obj
c:\$1.2024.onedrivetoday\printmoney\x64\debug\printmoney.exe
c:\$1.2024.onedrivetoday\printmoney\x64\debug\printmoney.pdb
c:\$1.2024.onedrivetoday\printmoney\printmoney\x64\debug\printmoney.ilk
c:\users\charl\onedrive\09.c++\printmoney\printmoney\x64\debug\printmoney.obj
c:\users\charl\onedrive\09.c++\printmoney\printmoney\x64\debug\printmoney.ilk
c:\users\charl\onedrive\09.c++\printmoney\printmoney\x64\debug\vc143.idb
c:\users\charl\onedrive\09.c++\printmoney\printmoney\x64\debug\vc143.pdb
c:\users\charl\onedrive\09.c++\printmoney\x64\debug\printmoney.pdb
c:\users\charl\onedrive\09.c++\printmoney\x64\debug\printmoney.exe
c:\users\charl\onedrive\09.c++\printmoney\printmoney\x64\debug\printmoney.tlog\cl.command.1.tlog
c:\users\charl\onedrive\09.c++\printmoney\printmoney\x64\debug\printmoney.tlog\cl.items.tlog
c:\users\charl\onedrive\09.c++\printmoney\printmoney\x64\debug\printmoney.tlog\cl.read.1.tlog
c:\users\charl\onedrive\09.c++\printmoney\printmoney\x64\debug\printmoney.tlog\cl.write.1.tlog
c:\users\charl\onedrive\09.c++\printmoney\printmoney\x64\debug\printmoney.tlog\link.command.1.tlog
c:\users\charl\onedrive\09.c++\printmoney\printmoney\x64\debug\printmoney.tlog\link.read.1.tlog
c:\users\charl\onedrive\09.c++\printmoney\printmoney\x64\debug\printmoney.tlog\link.secondary.1.tlog
c:\users\charl\onedrive\09.c++\printmoney\printmoney\x64\debug\printmoney.tlog\link.write.1.tlog
